# JRE version: OpenJDK Runtime Environment (8.0_232-b09) (build 1.8.0_232-8u232-b09-0ubuntu1~18.04.1-b09)
# Java VM: OpenJDK 64-Bit Server VM (25.232-b09 mixed mode linux-amd64 compressed oops)
Heap:
 PSYoungGen      total 68608K, used 0K [0x00000000d7180000, 0x00000000df780000, 0x0000000100000000)
  eden space 63488K, 0% used [0x00000000d7180000,0x00000000d7180000,0x00000000daf80000)
  from space 5120K, 0% used [0x00000000daf80000,0x00000000daf80000,0x00000000db480000)
  to   space 5120K, 0% used [0x00000000df280000,0x00000000df280000,0x00000000df780000)
 ParOldGen       total 84992K, used 60077K [0x0000000085400000, 0x000000008a700000, 0x00000000d7180000)
  object space 84992K, 70% used [0x0000000085400000,0x0000000088eab470,0x000000008a700000)
 Metaspace       used 3332K, capacity 4566K, committed 4864K, reserved 1056768K
  class space    used 356K, capacity 390K, committed 512K, reserved 1048576K
GC Heap History (7 events):
Event: 0.828 GC heap before
{Heap before GC invocations=1 (full 0):
 PSYoungGen      total 36864K, used 31744K [0x00000000d7180000, 0x00000000d9a80000, 0x0000000100000000)
  eden space 31744K, 100% used [0x00000000d7180000,0x00000000d9080000,0x00000000d9080000)
  from space 5120K, 0% used [0x00000000d9580000,0x00000000d9580000,0x00000000d9a80000)
  to   space 5120K, 0% used [0x00000000d9080000,0x00000000d9080000,0x00000000d9580000)
 ParOldGen       total 84992K, used 0K [0x0000000085400000, 0x000000008a700000, 0x00000000d7180000)
  object space 84992K, 0% used [0x0000000085400000,0x0000000085400000,0x000000008a700000)
 Metaspace       used 3332K, capacity 4566K, committed 4864K, reserved 1056768K
  class space    used 356K, capacity 390K, committed 512K, reserved 1048576K
Event: 0.939 GC heap after
Heap after GC invocations=1 (full 0):
 PSYoungGen      total 36864K, used 5088K [0x00000000d7180000, 0x00000000db980000, 0x0000000100000000)
  eden space 31744K, 0% used [0x00000000d7180000,0x00000000d7180000,0x00000000d9080000)
  from space 5120K, 99% used [0x00000000d9080000,0x00000000d9578020,0x00000000d9580000)
  to   space 5120K, 0% used [0x00000000db480000,0x00000000db480000,0x00000000db980000)
 ParOldGen       total 84992K, used 7448K [0x0000000085400000, 0x000000008a700000, 0x00000000d7180000)
  object space 84992K, 8% used [0x0000000085400000,0x0000000085b46000,0x000000008a700000)
 Metaspace       used 3332K, capacity 4566K, committed 4864K, reserved 1056768K
  class space    used 356K, capacity 390K, committed 512K, reserved 1048576K
}
Event: 1.168 GC heap before
{Heap before GC invocations=2 (full 0):
 PSYoungGen      total 36864K, used 36832K [0x00000000d7180000, 0x00000000db980000, 0x0000000100000000)
  eden space 31744K, 100% used [0x00000000d7180000,0x00000000d9080000,0x00000000d9080000)
  from space 5120K, 99% used [0x00000000d9080000,0x00000000d9578020,0x00000000d9580000)
  to   space 5120K, 0% used [0x00000000db480000,0x00000000db480000,0x00000000db980000)
 ParOldGen       total 84992K, used 7448K [0x0000000085400000, 0x000000008a700000, 0x00000000d7180000)
  object space 84992K, 8% used [0x0000000085400000,0x0000000085b46000,0x000000008a700000)
 Metaspace       used 3332K, capacity 4566K, committed 4864K, reserved 1056768K
  class space    used 356K, capacity 390K, committed 512K, reserved 1048576K
Event: 1.426 GC heap after
Heap after GC invocations=2 (full 0):
 PSYoungGen      total 68608K, used 5088K [0x00000000d7180000, 0x00000000db980000, 0x0000000100000000)
  eden space 63488K, 0% used [0x00000000d7180000,0x00000000d7180000,0x00000000daf80000)
  from space 5120K, 99% used [0x00000000db480000,0x00000000db978020,0x00000000db980000)
  to   space 5120K, 0% used [0x00000000daf80000,0x00000000daf80000,0x00000000db480000)
 ParOldGen       total 84992K, used 23392K [0x0000000085400000, 0x000000008a700000, 0x00000000d7180000)
  object space 84992K, 27% used [0x0000000085400000,0x0000000086ad8000,0x000000008a700000)
 Metaspace       used 3332K, capacity 4566K, committed 4864K, reserved 1056768K
  class space    used 356K, capacity 390K, committed 512K, reserved 1048576K
}
Event: 1.971 GC heap before
{Heap before GC invocations=3 (full 0):
 PSYoungGen      total 68608K, used 68576K [0x00000000d7180000, 0x00000000db980000, 0x0000000100000000)
  eden space 63488K, 100% used [0x00000000d7180000,0x00000000daf80000,0x00000000daf80000)
  from space 5120K, 99% used [0x00000000db480000,0x00000000db978020,0x00000000db980000)
  to   space 5120K, 0% used [0x00000000daf80000,0x00000000daf80000,0x00000000db480000)
 ParOldGen       total 84992K, used 23392K [0x0000000085400000, 0x000000008a700000, 0x00000000d7180000)
  object space 84992K, 27% used [0x0000000085400000,0x0000000086ad8000,0x000000008a700000)
 Metaspace       used 3332K, capacity 4566K, committed 4864K, reserved 1056768K
  class space    used 356K, capacity 390K, committed 512K, reserved 1048576K
Event: 2.275 GC heap after
Heap after GC invocations=3 (full 0):
 PSYoungGen      total 68608K, used 5088K [0x00000000d7180000, 0x00000000df780000, 0x0000000100000000)
  eden space 63488K, 0% used [0x00000000d7180000,0x00000000d7180000,0x00000000daf80000)
  from space 5120K, 99% used [0x00000000daf80000,0x00000000db478020,0x00000000db480000)
  to   space 5120K, 0% used [0x00000000df280000,0x00000000df280000,0x00000000df780000)
 ParOldGen       total 84992K, used 55280K [0x0000000085400000, 0x000000008a700000, 0x00000000d7180000)
  object space 84992K, 65% used [0x0000000085400000,0x00000000889fc000,0x000000008a700000)
 Metaspace       used 3332K, capacity 4566K, committed 4864K, reserved 1056768K
  class space    used 356K, capacity 390K, committed 512K, reserved 1048576K
}
Event: 2.275 GC heap before
{Heap before GC invocations=4 (full 1):
 PSYoungGen      total 68608K, used 5088K [0x00000000d7180000, 0x00000000df780000, 0x0000000100000000)
  eden space 63488K, 0% used [0x00000000d7180000,0x00000000d7180000,0x00000000daf80000)
  from space 5120K, 99% used [0x00000000daf80000,0x00000000db478020,0x00000000db480000)
  to   space 5120K, 0% used [0x00000000df280000,0x00000000df280000,0x00000000df780000)
 ParOldGen       total 84992K, used 55280K [0x0000000085400000, 0x000000008a700000, 0x00000000d7180000)
  object space 84992K, 65% used [0x0000000085400000,0x00000000889fc000,0x000000008a700000)
 Metaspace       used 3332K, capacity 4566K, committed 4864K, reserved 1056768K
  class space    used 356K, capacity 390K, committed 512K, reserved 1048576K

